2016-08-11 14:18:40=>array (
  'uid' => NULL,
  'username' => NULL,
  'mobile' => NULL,
  'source' => NULL,
  'platform_id' => NULL,
  'channel_id' => NULL,
  'app_version' => NULL,
  'start_time' => NULL,
  'device_id' => NULL,
  'mobile_info' => NULL,
  'environment' => 'testing',
  'server_time' => 1470896320,
  'ip' => '127.0.0.1',
  'function' => NULL,
)
2016-08-11 14:40:55=>array (
  'uid' => NULL,
  'username' => NULL,
  'mobile' => NULL,
  'source' => NULL,
  'platform_id' => NULL,
  'channel_id' => NULL,
  'app_version' => NULL,
  'start_time' => NULL,
  'device_id' => NULL,
  'mobile_info' => NULL,
  'environment' => 'testing',
  'server_time' => 1470897655,
  'ip' => '127.0.0.1',
  'function' => NULL,
)
2016-08-11 14:41:36=>array (
  'uid' => NULL,
  'username' => NULL,
  'mobile' => NULL,
  'source' => NULL,
  'platform_id' => NULL,
  'channel_id' => NULL,
  'app_version' => NULL,
  'start_time' => NULL,
  'device_id' => NULL,
  'mobile_info' => NULL,
  'environment' => 'testin',
  'server_time' => 1470897696,
  'ip' => '127.0.0.1',
  'function' => NULL,
)
2016-08-11 14:46:20=>array (
  'uid' => '10008',
  'username' => '提请',
  'mobile' => '18600699358',
  'source' => '123456',
  'platform_id' => '10002',
  'channel_id' => '10000',
  'app_version' => '1.2.0',
  'start_time' => '1470897889',
  'device_id' => '868331011992179',
  'mobile_info' => NULL,
  'environment' => NULL,
  'server_time' => 1470897980,
  'ip' => '127.0.0.1',
  'function' => NULL,
)
2016-08-11 14:51:38=>array (
  'uid' => '10008',
  'username' => '提请',
  'mobile' => '18600699358',
  'source' => '123456',
  'platform_id' => '10002',
  'channel_id' => '10000',
  'app_version' => '1.2.0',
  'start_time' => '1470897889',
  'device_id' => '868331011992179',
  'mobile_info' => NULL,
  'environment' => NULL,
  'server_time' => 1470898298,
  'ip' => '127.0.0.1',
  'function' => NULL,
)
2016-08-11 15:00:12=>array (
  'uid' => '10008',
  'username' => '提请',
  'mobile' => '18600699358',
  'source' => '123456',
  'platform_id' => '10002',
  'channel_id' => '10000',
  'app_version' => '1.2.0',
  'start_time' => '1470897889',
  'device_id' => '868331011992179',
  'mobile_info' => NULL,
  'environment' => NULL,
  'server_time' => 1470898812,
  'ip' => '127.0.0.1',
  'function' => NULL,
)
2016-08-11 15:01:13=>array (
  'uid' => '10008',
  'username' => '提请',
  'mobile' => '18600699358',
  'source' => '123456',
  'platform_id' => '10002',
  'channel_id' => '10000',
  'app_version' => '1.2.0',
  'start_time' => '1470897889',
  'device_id' => '868331011992179',
  'mobile_info' => NULL,
  'environment' => NULL,
  'server_time' => 1470898873,
  'ip' => '127.0.0.1',
  'function' => NULL,
)
